<?xml version="1.0" encoding="UTF-8"?>
<testng-results ignored="0" total="2" passed="2" failed="0" skipped="0">
  <reporter-output>
  </reporter-output>
  <suite started-at="2022-07-12T11:00:21 IST" name="Suite" finished-at="2022-07-12T11:00:50 IST" duration-ms="29390">
    <groups>
    </groups>
    <test started-at="2022-07-12T11:00:21 IST" name="Test" finished-at="2022-07-12T11:00:50 IST" duration-ms="29390">
      <class name="com.jktech.jekins.OpenABrowser">
        <test-method signature="openABrowser()[pri:0, instance:com.jktech.jekins.OpenABrowser@4044fb95]" started-at="2022-07-12T11:00:21 IST" name="openABrowser" finished-at="2022-07-12T11:00:35 IST" duration-ms="13510" status="PASS">
          <reporter-output>
          </reporter-output>
        </test-method> <!-- openABrowser -->
      </class> <!-- com.jktech.jekins.OpenABrowser -->
      <class name="com.jktech.jekins.validLoginTest">
        <test-method signature="openABrowser()[pri:0, instance:com.jktech.jekins.validLoginTest@4c398c80]" started-at="2022-07-12T11:00:35 IST" name="openABrowser" finished-at="2022-07-12T11:00:50 IST" duration-ms="15764" status="PASS">
          <reporter-output>
          </reporter-output>
        </test-method> <!-- openABrowser -->
      </class> <!-- com.jktech.jekins.validLoginTest -->
    </test> <!-- Test -->
  </suite> <!-- Suite -->
</testng-results>
