<?xml version="1.0" encoding="UTF-8"?>
<testng-results ignored="0" total="1" passed="1" failed="0" skipped="0">
  <reporter-output>
  </reporter-output>
  <suite started-at="2022-07-11T11:13:15 IST" name="Default suite" finished-at="2022-07-11T11:13:24 IST" duration-ms="9119">
    <groups>
    </groups>
    <test started-at="2022-07-11T11:13:15 IST" name="Default test" finished-at="2022-07-11T11:13:24 IST" duration-ms="9119">
      <class name="com.jktech.jekins.OpenABrowser">
        <test-method signature="openABrowser()[pri:0, instance:com.jktech.jekins.OpenABrowser@fd0e5b6]" started-at="2022-07-11T11:13:15 IST" name="openABrowser" finished-at="2022-07-11T11:13:24 IST" duration-ms="9048" status="PASS">
          <reporter-output>
          </reporter-output>
        </test-method> <!-- openABrowser -->
      </class> <!-- com.jktech.jekins.OpenABrowser -->
    </test> <!-- Default test -->
  </suite> <!-- Default suite -->
</testng-results>
